<?xml version="1.0" encoding="UTF-8"?>
<!-- Generated by org.testng.reporters.JUnitXMLReporter -->
<testsuite hostname="wssys069.webspiders.com" ignored="0" name="Test" tests="4" failures="1" timestamp="15 Dec 2017 11:13:01 GMT" time="84.641" errors="0">
  <testcase name="CreateAccountTest" time="21.85" classname="com.webspiders.TestCases">
    <failure type="org.openqa.selenium.NoSuchElementException" message="An element could not be located on the page using the given search parameters. (WARNING: The server did not provide any stacktrace information)
Command duration or timeout: 0 milliseconds
For documentation on this error, please visit: http://seleniumhq.org/exceptions/no_such_element.html
Build info: version: &amp;apos;3.8.1&amp;apos;, revision: &amp;apos;6e95a6684b&amp;apos;, time: &amp;apos;2017-12-01T19:05:32.194Z&amp;apos;
System info: host: &amp;apos;wssys069.webspiders.com&amp;apos;, ip: &amp;apos;fe80:0:0:0:1c99:894b:7c77:910%en0&amp;apos;, os.name: &amp;apos;Mac OS X&amp;apos;, os.arch: &amp;apos;x86_64&amp;apos;, os.version: &amp;apos;10.12.6&amp;apos;, java.version: &amp;apos;1.8.0_131&amp;apos;
Driver info: io.appium.java_client.android.AndroidDriver
Capabilities {app: /Users/goni/Documents/works..., appActivity: nhs.ibd.com.nhsibd.Features..., appPackage: nhs.ibd.com.nhsibd, databaseEnabled: false, desired: {app: /Users/goni/Documents/works..., appActivity: nhs.ibd.com.nhsibd.Features..., appPackage: nhs.ibd.com.nhsibd, deviceName: emulator-5554, noReset: false, platformName: Android, platformVersion: 4.4.4, udid: emulator-5554}, deviceManufacturer: unknown, deviceModel: Android SDK built for x86, deviceName: emulator-5554, deviceScreenSize: 1080x1920, deviceUDID: emulator-5554, javascriptEnabled: true, locationContextEnabled: false, networkConnectionEnabled: true, noReset: false, platform: LINUX, platformName: LINUX, platformVersion: 4.4.2, takesScreenshot: true, udid: emulator-5554, warnings: {}, webStorageEnabled: false}
Session ID: 5be0d257-c904-4e35-bf63-15a9afc445b2
*** Element info: {Using=xpath, value=//*[@resource-id =&amp;apos;nhs.ibd.com.nhsibd:id/nameET&amp;apos;]}">
      <![CDATA[org.openqa.selenium.NoSuchElementException: An element could not be located on the page using the given search parameters. (WARNING: The server did not provide any stacktrace information)
Command duration or timeout: 0 milliseconds
For documentation on this error, please visit: http://seleniumhq.org/exceptions/no_such_element.html
Build info: version: '3.8.1', revision: '6e95a6684b', time: '2017-12-01T19:05:32.194Z'
System info: host: 'wssys069.webspiders.com', ip: 'fe80:0:0:0:1c99:894b:7c77:910%en0', os.name: 'Mac OS X', os.arch: 'x86_64', os.version: '10.12.6', java.version: '1.8.0_131'
Driver info: io.appium.java_client.android.AndroidDriver
Capabilities {app: /Users/goni/Documents/works..., appActivity: nhs.ibd.com.nhsibd.Features..., appPackage: nhs.ibd.com.nhsibd, databaseEnabled: false, desired: {app: /Users/goni/Documents/works..., appActivity: nhs.ibd.com.nhsibd.Features..., appPackage: nhs.ibd.com.nhsibd, deviceName: emulator-5554, noReset: false, platformName: Android, platformVersion: 4.4.4, udid: emulator-5554}, deviceManufacturer: unknown, deviceModel: Android SDK built for x86, deviceName: emulator-5554, deviceScreenSize: 1080x1920, deviceUDID: emulator-5554, javascriptEnabled: true, locationContextEnabled: false, networkConnectionEnabled: true, noReset: false, platform: LINUX, platformName: LINUX, platformVersion: 4.4.2, takesScreenshot: true, udid: emulator-5554, warnings: {}, webStorageEnabled: false}
Session ID: 5be0d257-c904-4e35-bf63-15a9afc445b2
*** Element info: {Using=xpath, value=//*[@resource-id ='nhs.ibd.com.nhsibd:id/nameET']}
	at org.openqa.selenium.remote.ErrorHandler.createThrowable(ErrorHandler.java:214)
	at org.openqa.selenium.remote.ErrorHandler.throwIfResponseFailed(ErrorHandler.java:166)
	at org.openqa.selenium.remote.http.JsonHttpResponseCodec.reconstructValue(JsonHttpResponseCodec.java:40)
	at org.openqa.selenium.remote.http.AbstractHttpResponseCodec.decode(AbstractHttpResponseCodec.java:80)
	at org.openqa.selenium.remote.http.AbstractHttpResponseCodec.decode(AbstractHttpResponseCodec.java:44)
	at org.openqa.selenium.remote.HttpCommandExecutor.execute(HttpCommandExecutor.java:164)
	at io.appium.java_client.remote.AppiumCommandExecutor.execute(AppiumCommandExecutor.java:89)
	at org.openqa.selenium.remote.RemoteWebDriver.execute(RemoteWebDriver.java:601)
	at io.appium.java_client.DefaultGenericMobileDriver.execute(DefaultGenericMobileDriver.java:42)
	at io.appium.java_client.AppiumDriver.execute(AppiumDriver.java:1)
	at io.appium.java_client.android.AndroidDriver.execute(AndroidDriver.java:1)
	at org.openqa.selenium.remote.RemoteWebDriver.findElement(RemoteWebDriver.java:371)
	at io.appium.java_client.DefaultGenericMobileDriver.findElement(DefaultGenericMobileDriver.java:62)
	at io.appium.java_client.AppiumDriver.findElement(AppiumDriver.java:1)
	at io.appium.java_client.android.AndroidDriver.findElement(AndroidDriver.java:1)
	at org.openqa.selenium.remote.RemoteWebDriver.findElementByXPath(RemoteWebDriver.java:473)
	at io.appium.java_client.DefaultGenericMobileDriver.findElementByXPath(DefaultGenericMobileDriver.java:140)
	at io.appium.java_client.AppiumDriver.findElementByXPath(AppiumDriver.java:1)
	at io.appium.java_client.android.AndroidDriver.findElementByXPath(AndroidDriver.java:1)
	at com.webspiders.TestCases.CreateAccountTest(TestCases.java:195)
... Removed 29 stack frames]]>
    </failure>
  </testcase> <!-- CreateAccountTest -->
  <testcase name="LoginTest" time="20.588" classname="com.webspiders.TestCases"/>
  <testcase name="HomePageTest" time="0.103" classname="com.webspiders.TestCases"/>
  <testcase name="LogoutTest" time="0.001" classname="com.webspiders.TestCases"/>
</testsuite> <!-- Test -->
